<?xml version="1.0" encoding="UTF-8"?>
<robot generator="Robot 6.1.1 (Python 3.11.1 on win32)" generated="20230814 15:58:04.234" rpa="false" schemaversion="4">
<suite id="s1" name="TestSuite01" source="C:\Users\ilja.miljuhin\Robot Ride Projects\Demo\TestSuite01.robot">
<test id="s1-t1" name="TC01" line="2">
<kw name="Log To Console" library="BuiltIn">
<arg>Hello World</arg>
<doc>Logs the given message to the console.</doc>
<status status="PASS" starttime="20230814 15:58:04.259" endtime="20230814 15:58:04.259"/>
</kw>
<status status="PASS" starttime="20230814 15:58:04.259" endtime="20230814 15:58:04.260"/>
</test>
<status status="PASS" starttime="20230814 15:58:04.235" endtime="20230814 15:58:04.261"/>
</suite>
<statistics>
<total>
<stat pass="1" fail="0" skip="0">All Tests</stat>
</total>
<tag>
</tag>
<suite>
<stat pass="1" fail="0" skip="0" id="s1" name="TestSuite01">TestSuite01</stat>
</suite>
</statistics>
<errors>
</errors>
</robot>
